LUI  	0
JAL  	4
ADDI 	4776
SW   	4780
SW   	4784
SW   	4788
SW   	4792
SW   	4796
SW   	4800
SW   	4804
SW   	4808
SW   	4812
SW   	4816
SW   	4820
SW   	4824
SW   	4828
ADDI 	4832
SW   	4836
LUI  	4840
LW   	4844
LUI  	4848
LW   	4852
SW   	4856
LUI  	4860
LW   	4864
LUI  	4868
LW   	4872
LUI  	4876
LW   	4880
SW   	4884
LUI  	4888
LW   	4892
SW   	4896
LUI  	4900
LW   	4904
LUI  	4908
LW   	4912
SW   	4916
JAL  	4920
ADDI 	5276
LW   	5280
LUI  	5284
LW   	5288
JAL  	5292
ADDI 	5188
ADDI 	5192
ADDI 	5196
JAL  	5200
ADDI 	4164
SW   	4168
SW   	4172
SW   	4176
SW   	4180
SW   	4184
ADDI 	4188
ADDI 	4192
ADDI 	4196
JAL  	4200
ADDI 	13424
SW   	13428
SRLI 	13432
SW   	13436
SW   	13440
SW   	13444
SLLI 	13448
SW   	13452
SW   	13456
SW   	13460
ANDI 	13464
ADDI 	13468
SRLI 	13472
SRLI 	13476
BEQ  	13480
ADDI 	13484
BEQ  	13488
SLLI 	13492
LUI  	13496
OR   	13500
ADDI 	13504
ADDI 	13508
SRLI 	13512
SLLI 	13516
ANDI 	13520
SRLI 	13524
SRLI 	13528
BEQ  	13532
ADDI 	13536
BEQ  	13540
SLLI 	13544
LUI  	13548
OR   	13552
ADDI 	13556
ADDI 	13560
SLLI 	13564
OR   	13568
ADD  	13572
ADDI 	13576
ADDI 	13580
XOR  	13584
ADDI 	13588
BLTU 	13592
LUI  	13748
ADDI 	13752
SRLI 	13756
SRLI 	13760
AND  	13764
AND  	13768
ADDI 	13772
ADDI 	13776
JAL  	13780
ADDI 	16040
ADDI 	16044
ANDI 	16048
BEQ  	16052
ADD  	16056
SRLI 	16060
SLLI 	16064
BNE  	16068
ANDI 	16048
BEQ  	16052
ADD  	16056
SRLI 	16060
SLLI 	16064
BNE  	16068
ANDI 	16048
BEQ  	16052
ADD  	16056
SRLI 	16060
SLLI 	16064
BNE  	16068
ANDI 	16048
BEQ  	16052
ADD  	16056
SRLI 	16060
SLLI 	16064
BNE  	16068
ANDI 	16048
BEQ  	16052
ADD  	16056
SRLI 	16060
SLLI 	16064
BNE  	16068
ANDI 	16048
BEQ  	16052
ADD  	16056
SRLI 	16060
SLLI 	16064
BNE  	16068
ANDI 	16048
BEQ  	16052
ADD  	16056
SRLI 	16060
SLLI 	16064
BNE  	16068
ANDI 	16048
BEQ  	16052
ADD  	16056
SRLI 	16060
SLLI 	16064
BNE  	16068
ANDI 	16048
BEQ  	16052
ADD  	16056
SRLI 	16060
SLLI 	16064
BNE  	16068
ANDI 	16048
BEQ  	16052
ADD  	16056
SRLI 	16060
SLLI 	16064
BNE  	16068
ANDI 	16048
BEQ  	16052
ADD  	16056
SRLI 	16060
SLLI 	16064
BNE  	16068
ANDI 	16048
BEQ  	16052
ADD  	16056
SRLI 	16060
SLLI 	16064
BNE  	16068
ANDI 	16048
BEQ  	16052
ADD  	16056
SRLI 	16060
SLLI 	16064
BNE  	16068
ANDI 	16048
BEQ  	16052
ADD  	16056
SRLI 	16060
SLLI 	16064
BNE  	16068
ANDI 	16048
BEQ  	16052
ADD  	16056
SRLI 	16060
SLLI 	16064
BNE  	16068
ANDI 	16048
BEQ  	16052
ADD  	16056
SRLI 	16060
SLLI 	16064
BNE  	16068
ANDI 	16048
BEQ  	16052
SRLI 	16060
SLLI 	16064
BNE  	16068
ANDI 	16048
BEQ  	16052
SRLI 	16060
SLLI 	16064
BNE  	16068
ANDI 	16048
BEQ  	16052
SRLI 	16060
SLLI 	16064
BNE  	16068
ANDI 	16048
BEQ  	16052
SRLI 	16060
SLLI 	16064
BNE  	16068
ANDI 	16048
BEQ  	16052
SRLI 	16060
SLLI 	16064
BNE  	16068
ANDI 	16048
BEQ  	16052
SRLI 	16060
SLLI 	16064
BNE  	16068
ANDI 	16048
BEQ  	16052
SRLI 	16060
SLLI 	16064
BNE  	16068
ANDI 	16048
BEQ  	16052
SRLI 	16060
SLLI 	16064
BNE  	16068
ANDI 	16048
BEQ  	16052
SRLI 	16060
SLLI 	16064
BNE  	16068
ANDI 	16048
BEQ  	16052
ADD  	16056
SRLI 	16060
SLLI 	16064
BNE  	16068
ANDI 	16048
BEQ  	16052
ADD  	16056
SRLI 	16060
SLLI 	16064
BNE  	16068
JALR 	16072
ADDI 	13784
ADDI 	13788
ADDI 	13792
JAL  	13796
ADDI 	16040
ADDI 	16044
ANDI 	16048
BEQ  	16052
SRLI 	16060
SLLI 	16064
BNE  	16068
ANDI 	16048
BEQ  	16052
SRLI 	16060
SLLI 	16064
BNE  	16068
ANDI 	16048
BEQ  	16052
SRLI 	16060
SLLI 	16064
BNE  	16068
ANDI 	16048
BEQ  	16052
SRLI 	16060
SLLI 	16064
BNE  	16068
ANDI 	16048
BEQ  	16052
SRLI 	16060
SLLI 	16064
BNE  	16068
ANDI 	16048
BEQ  	16052
SRLI 	16060
SLLI 	16064
BNE  	16068
ANDI 	16048
BEQ  	16052
SRLI 	16060
SLLI 	16064
BNE  	16068
ANDI 	16048
BEQ  	16052
SRLI 	16060
SLLI 	16064
BNE  	16068
ANDI 	16048
BEQ  	16052
SRLI 	16060
SLLI 	16064
BNE  	16068
ANDI 	16048
BEQ  	16052
ADD  	16056
SRLI 	16060
SLLI 	16064
BNE  	16068
ANDI 	16048
BEQ  	16052
ADD  	16056
SRLI 	16060
SLLI 	16064
BNE  	16068
JALR 	16072
ADDI 	13800
ADDI 	13804
ADDI 	13808
JAL  	13812
ADDI 	16040
ADDI 	16044
ANDI 	16048
BEQ  	16052
ADD  	16056
SRLI 	16060
SLLI 	16064
BNE  	16068
ANDI 	16048
BEQ  	16052
ADD  	16056
SRLI 	16060
SLLI 	16064
BNE  	16068
ANDI 	16048
BEQ  	16052
ADD  	16056
SRLI 	16060
SLLI 	16064
BNE  	16068
ANDI 	16048
BEQ  	16052
ADD  	16056
SRLI 	16060
SLLI 	16064
BNE  	16068
ANDI 	16048
BEQ  	16052
ADD  	16056
SRLI 	16060
SLLI 	16064
BNE  	16068
ANDI 	16048
BEQ  	16052
ADD  	16056
SRLI 	16060
SLLI 	16064
BNE  	16068
ANDI 	16048
BEQ  	16052
ADD  	16056
SRLI 	16060
SLLI 	16064
BNE  	16068
ANDI 	16048
BEQ  	16052
ADD  	16056
SRLI 	16060
SLLI 	16064
BNE  	16068
ANDI 	16048
BEQ  	16052
ADD  	16056
SRLI 	16060
SLLI 	16064
BNE  	16068
ANDI 	16048
BEQ  	16052
ADD  	16056
SRLI 	16060
SLLI 	16064
BNE  	16068
ANDI 	16048
BEQ  	16052
ADD  	16056
SRLI 	16060
SLLI 	16064
BNE  	16068
ANDI 	16048
BEQ  	16052
ADD  	16056
SRLI 	16060
SLLI 	16064
BNE  	16068
ANDI 	16048
BEQ  	16052
ADD  	16056
SRLI 	16060
SLLI 	16064
BNE  	16068
ANDI 	16048
BEQ  	16052
ADD  	16056
SRLI 	16060
SLLI 	16064
BNE  	16068
ANDI 	16048
BEQ  	16052
ADD  	16056
SRLI 	16060
SLLI 	16064
BNE  	16068
ANDI 	16048
BEQ  	16052
ADD  	16056
SRLI 	16060
SLLI 	16064
BNE  	16068
ANDI 	16048
BEQ  	16052
SRLI 	16060
SLLI 	16064
BNE  	16068
ANDI 	16048
BEQ  	16052
SRLI 	16060
SLLI 	16064
BNE  	16068
ANDI 	16048
BEQ  	16052
SRLI 	16060
SLLI 	16064
BNE  	16068
ANDI 	16048
BEQ  	16052
SRLI 	16060
SLLI 	16064
BNE  	16068
ANDI 	16048
BEQ  	16052
SRLI 	16060
SLLI 	16064
BNE  	16068
ANDI 	16048
BEQ  	16052
SRLI 	16060
SLLI 	16064
BNE  	16068
ANDI 	16048
BEQ  	16052
SRLI 	16060
SLLI 	16064
BNE  	16068
ANDI 	16048
BEQ  	16052
SRLI 	16060
SLLI 	16064
BNE  	16068
ANDI 	16048
BEQ  	16052
SRLI 	16060
SLLI 	16064
BNE  	16068
ANDI 	16048
BEQ  	16052
ADD  	16056
SRLI 	16060
SLLI 	16064
BNE  	16068
ANDI 	16048
BEQ  	16052
ADD  	16056
SRLI 	16060
SLLI 	16064
BNE  	16068
JALR 	16072
ADDI 	13816
ADDI 	13820
ADDI 	13824
JAL  	13828
ADDI 	16040
ADDI 	16044
ANDI 	16048
BEQ  	16052
SRLI 	16060
SLLI 	16064
BNE  	16068
ANDI 	16048
BEQ  	16052
SRLI 	16060
SLLI 	16064
BNE  	16068
ANDI 	16048
BEQ  	16052
SRLI 	16060
SLLI 	16064
BNE  	16068
ANDI 	16048
BEQ  	16052
SRLI 	16060
SLLI 	16064
BNE  	16068
ANDI 	16048
BEQ  	16052
SRLI 	16060
SLLI 	16064
BNE  	16068
ANDI 	16048
BEQ  	16052
SRLI 	16060
SLLI 	16064
BNE  	16068
ANDI 	16048
BEQ  	16052
SRLI 	16060
SLLI 	16064
BNE  	16068
ANDI 	16048
BEQ  	16052
SRLI 	16060
SLLI 	16064
BNE  	16068
ANDI 	16048
BEQ  	16052
SRLI 	16060
SLLI 	16064
BNE  	16068
ANDI 	16048
BEQ  	16052
ADD  	16056
SRLI 	16060
SLLI 	16064
BNE  	16068
ANDI 	16048
BEQ  	16052
ADD  	16056
SRLI 	16060
SLLI 	16064
BNE  	16068
JALR 	16072
SRLI 	13832
ADD  	13836
ADD  	13840
BGEU 	13844
AND  	13852
SLLI 	13856
AND  	13860
ADD  	13864
SLLI 	13868
SRLI 	13872
SLTU 	13876
SRLI 	13880
ADD  	13884
SLLI 	13888
OR   	13892
OR   	13896
SLLI 	13900
BGE  	13904
SRLI 	13908
ANDI 	13912
OR   	13916
ADDI 	13920
BGE  	13924
ANDI 	13928
BEQ  	13932
ANDI 	13936
ADDI 	13940
BEQ  	13944
ADDI 	13948
SLLI 	13952
BGE  	13956
ADDI 	13976
SRLI 	13980
BGE  	13984
SLLI 	14160
ANDI 	14164
SLLI 	14168
SRLI 	14172
OR   	14176
SLLI 	14180
OR   	14184
LW   	14188
LW   	14192
LW   	14196
LW   	14200
LW   	14204
LW   	14208
LW   	14212
ADDI 	14216
JALR 	14220
ADDI 	4204
LUI  	4208
LW   	4212
ADDI 	4216
JAL  	4220
ADDI 	13424
SW   	13428
SRLI 	13432
SW   	13436
SW   	13440
SW   	13444
SLLI 	13448
SW   	13452
SW   	13456
SW   	13460
ANDI 	13464
ADDI 	13468
SRLI 	13472
SRLI 	13476
BEQ  	13480
BEQ  	13620
ADDI 	13672
ADDI 	13676
JAL  	13680
SRLI 	13512
SLLI 	13516
ANDI 	13520
SRLI 	13524
SRLI 	13528
BEQ  	13532
ADDI 	13536
BEQ  	13540
SLLI 	13544
LUI  	13548
OR   	13552
ADDI 	13556
ADDI 	13560
SLLI 	13564
OR   	13568
ADD  	13572
ADDI 	13576
ADDI 	13580
XOR  	13584
ADDI 	13588
BLTU 	13592
LUI  	13596
SLLI 	13600
ADDI 	13604
ADD  	13608
LW   	13612
JALR 	13616
ADDI 	14004
ADDI 	14008
ADDI 	14012
BEQ  	14016
ADDI 	14020
BEQ  	14024
ADDI 	14028
BNE  	14032
ADDI 	14036
ADDI 	14040
JAL  	14044
SLLI 	14160
ANDI 	14164
SLLI 	14168
SRLI 	14172
OR   	14176
SLLI 	14180
OR   	14184
LW   	14188
LW   	14192
LW   	14196
LW   	14200
LW   	14204
LW   	14208
LW   	14212
ADDI 	14216
JALR 	14220
ADDI 	4224
JAL  	4228
ADDI 	13424
SW   	13428
SRLI 	13432
SW   	13436
SW   	13440
SW   	13444
SLLI 	13448
SW   	13452
SW   	13456
SW   	13460
ANDI 	13464
ADDI 	13468
SRLI 	13472
SRLI 	13476
BEQ  	13480
BEQ  	13620
ADDI 	13672
ADDI 	13676
JAL  	13680
SRLI 	13512
SLLI 	13516
ANDI 	13520
SRLI 	13524
SRLI 	13528
BEQ  	13532
BEQ  	13684
ADDI 	13736
ADDI 	13740
JAL  	13744
SLLI 	13564
OR   	13568
ADD  	13572
ADDI 	13576
ADDI 	13580
XOR  	13584
ADDI 	13588
BLTU 	13592
LUI  	13596
SLLI 	13600
ADDI 	13604
ADD  	13608
LW   	13612
JALR 	13616
ADDI 	14004
ADDI 	14008
ADDI 	14012
BEQ  	14016
ADDI 	14020
BEQ  	14024
ADDI 	14028
BNE  	14032
ADDI 	14036
ADDI 	14040
JAL  	14044
SLLI 	14160
ANDI 	14164
SLLI 	14168
SRLI 	14172
OR   	14176
SLLI 	14180
OR   	14184
LW   	14188
LW   	14192
LW   	14196
LW   	14200
LW   	14204
LW   	14208
LW   	14212
ADDI 	14216
JALR 	14220
ADDI 	4232
JAL  	4236
LUI  	10988
ADDI 	10992
ADDI 	10996
AND  	11000
SW   	11004
SW   	11008
SRLI 	11012
SRLI 	11016
SRLI 	11020
AND  	11024
ANDI 	11028
ANDI 	11032
SW   	11036
SW   	11040
SRLI 	11044
SLLI 	11048
SLLI 	11052
SUB  	11056
BNE  	11060
BGE  	11064
BEQ  	11216
SUB  	11220
BNE  	11224
BEQ  	11228
ADDI 	11232
BNE  	11236
ADDI 	11248
BNE  	11252
ADDI 	11280
BGE  	11284
ADDI 	11288
JAL  	11292
ADD  	11240
JAL  	11244
SLLI 	11092
BGE  	11096
ANDI 	11376
BEQ  	11380
ANDI 	11384
ADDI 	11388
BEQ  	11392
ADDI 	11396
JAL  	11400
SLLI 	11940
BGE  	11944
ADDI 	11972
SRLI 	11976
BNE  	11980
ANDI 	11996
LW   	12000
LW   	12004
SLLI 	12008
SLLI 	12012
SRLI 	12016
SLLI 	12020
OR   	12024
OR   	12028
LW   	12032
LW   	12036
ADDI 	12040
JALR 	12044
ADDI 	4240
ADDI 	4244
ADDI 	4248
JAL  	4252
ADDI 	13424
SW   	13428
SRLI 	13432
SW   	13436
SW   	13440
SW   	13444
SLLI 	13448
SW   	13452
SW   	13456
SW   	13460
ANDI 	13464
ADDI 	13468
SRLI 	13472
SRLI 	13476
BEQ  	13480
ADDI 	13484
BEQ  	13488
SLLI 	13492
LUI  	13496
OR   	13500
ADDI 	13504
ADDI 	13508
SRLI 	13512
SLLI 	13516
ANDI 	13520
SRLI 	13524
SRLI 	13528
BEQ  	13532
ADDI 	13536
BEQ  	13540
SLLI 	13544
LUI  	13548
OR   	13552
ADDI 	13556
ADDI 	13560
SLLI 	13564
OR   	13568
ADD  	13572
ADDI 	13576
ADDI 	13580
XOR  	13584
ADDI 	13588
BLTU 	13592
LUI  	13748
ADDI 	13752
SRLI 	13756
SRLI 	13760
AND  	13764
AND  	13768
ADDI 	13772
ADDI 	13776
JAL  	13780
ADDI 	16040
ADDI 	16044
ANDI 	16048
BEQ  	16052
ADD  	16056
SRLI 	16060
SLLI 	16064
BNE  	16068
ANDI 	16048
BEQ  	16052
ADD  	16056
SRLI 	16060
SLLI 	16064
BNE  	16068
ANDI 	16048
BEQ  	16052
ADD  	16056
SRLI 	16060
SLLI 	16064
BNE  	16068
ANDI 	16048
BEQ  	16052
ADD  	16056
SRLI 	16060
SLLI 	16064
BNE  	16068
ANDI 	16048
BEQ  	16052
ADD  	16056
SRLI 	16060
SLLI 	16064
BNE  	16068
ANDI 	16048
BEQ  	16052
ADD  	16056
SRLI 	16060
SLLI 	16064
BNE  	16068
ANDI 	16048
BEQ  	16052
ADD  	16056
SRLI 	16060
SLLI 	16064
BNE  	16068
ANDI 	16048
BEQ  	16052
ADD  	16056
SRLI 	16060
SLLI 	16064
BNE  	16068
ANDI 	16048
BEQ  	16052
ADD  	16056
SRLI 	16060
SLLI 	16064
BNE  	16068
ANDI 	16048
BEQ  	16052
ADD  	16056
SRLI 	16060
SLLI 	16064
BNE  	16068
ANDI 	16048
BEQ  	16052
ADD  	16056
SRLI 	16060
SLLI 	16064
BNE  	16068
ANDI 	16048
BEQ  	16052
ADD  	16056
SRLI 	16060
SLLI 	16064
BNE  	16068
ANDI 	16048
BEQ  	16052
ADD  	16056
SRLI 	16060
SLLI 	16064
BNE  	16068
ANDI 	16048
BEQ  	16052
ADD  	16056
SRLI 	16060
SLLI 	16064
BNE  	16068
ANDI 	16048
BEQ  	16052
ADD  	16056
SRLI 	16060
SLLI 	16064
BNE  	16068
ANDI 	16048
BEQ  	16052
ADD  	16056
SRLI 	16060
SLLI 	16064
BNE  	16068
ANDI 	16048
BEQ  	16052
SRLI 	16060
SLLI 	16064
BNE  	16068
ANDI 	16048
BEQ  	16052
SRLI 	16060
SLLI 	16064
BNE  	16068
ANDI 	16048
BEQ  	16052
SRLI 	16060
SLLI 	16064
BNE  	16068
ANDI 	16048
BEQ  	16052
SRLI 	16060
SLLI 	16064
BNE  	16068
ANDI 	16048
BEQ  	16052
SRLI 	16060
SLLI 	16064
BNE  	16068
ANDI 	16048
BEQ  	16052
SRLI 	16060
SLLI 	16064
BNE  	16068
ANDI 	16048
BEQ  	16052
SRLI 	16060
SLLI 	16064
BNE  	16068
ANDI 	16048
BEQ  	16052
SRLI 	16060
SLLI 	16064
BNE  	16068
ANDI 	16048
BEQ  	16052
SRLI 	16060
SLLI 	16064
BNE  	16068
ANDI 	16048
BEQ  	16052
ADD  	16056
SRLI 	16060
SLLI 	16064
BNE  	16068
ANDI 	16048
BEQ  	16052
ADD  	16056
SRLI 	16060
SLLI 	16064
BNE  	16068
JALR 	16072
ADDI 	13784
ADDI 	13788
ADDI 	13792
JAL  	13796
ADDI 	16040
ADDI 	16044
ANDI 	16048
BEQ  	16052
SRLI 	16060
SLLI 	16064
BNE  	16068
ANDI 	16048
BEQ  	16052
SRLI 	16060
SLLI 	16064
BNE  	16068
ANDI 	16048
BEQ  	16052
SRLI 	16060
SLLI 	16064
BNE  	16068
ANDI 	16048
BEQ  	16052
SRLI 	16060
SLLI 	16064
BNE  	16068
ANDI 	16048
BEQ  	16052
SRLI 	16060
SLLI 	16064
BNE  	16068
ANDI 	16048
BEQ  	16052
SRLI 	16060
SLLI 	16064
BNE  	16068
ANDI 	16048
BEQ  	16052
SRLI 	16060
SLLI 	16064
BNE  	16068
ANDI 	16048
BEQ  	16052
SRLI 	16060
SLLI 	16064
BNE  	16068
ANDI 	16048
BEQ  	16052
SRLI 	16060
SLLI 	16064
BNE  	16068
ANDI 	16048
BEQ  	16052
ADD  	16056
SRLI 	16060
SLLI 	16064
BNE  	16068
ANDI 	16048
BEQ  	16052
ADD  	16056
SRLI 	16060
SLLI 	16064
BNE  	16068
JALR 	16072
ADDI 	13800
ADDI 	13804
ADDI 	13808
JAL  	13812
ADDI 	16040
ADDI 	16044
ANDI 	16048
BEQ  	16052
ADD  	16056
SRLI 	16060
SLLI 	16064
BNE  	16068
ANDI 	16048
BEQ  	16052
ADD  	16056
SRLI 	16060
SLLI 	16064
BNE  	16068
ANDI 	16048
BEQ  	16052
ADD  	16056
SRLI 	16060
SLLI 	16064
BNE  	16068
ANDI 	16048
BEQ  	16052
ADD  	16056
SRLI 	16060
SLLI 	16064
BNE  	16068
ANDI 	16048
BEQ  	16052
ADD  	16056
SRLI 	16060
SLLI 	16064
BNE  	16068
ANDI 	16048
BEQ  	16052
ADD  	16056
SRLI 	16060
SLLI 	16064
BNE  	16068
ANDI 	16048
BEQ  	16052
ADD  	16056
SRLI 	16060
SLLI 	16064
BNE  	16068
ANDI 	16048
BEQ  	16052
ADD  	16056
SRLI 	16060
SLLI 	16064
BNE  	16068
ANDI 	16048
BEQ  	16052
ADD  	16056
SRLI 	16060
SLLI 	16064
BNE  	16068
ANDI 	16048
BEQ  	16052
ADD  	16056
SRLI 	16060
SLLI 	16064
BNE  	16068
ANDI 	16048
BEQ  	16052
ADD  	16056
SRLI 	16060
SLLI 	16064
BNE  	16068
ANDI 	16048
BEQ  	16052
ADD  	16056
SRLI 	16060
SLLI 	16064
BNE  	16068
ANDI 	16048
BEQ  	16052
ADD  	16056
SRLI 	16060
SLLI 	16064
BNE  	16068
ANDI 	16048
BEQ  	16052
ADD  	16056
SRLI 	16060
SLLI 	16064
BNE  	16068
ANDI 	16048
BEQ  	16052
ADD  	16056
SRLI 	16060
SLLI 	16064
BNE  	16068
ANDI 	16048
BEQ  	16052
ADD  	16056
SRLI 	16060
SLLI 	16064
BNE  	16068
ANDI 	16048
BEQ  	16052
SRLI 	16060
SLLI 	16064
BNE  	16068
ANDI 	16048
BEQ  	16052
SRLI 	16060
SLLI 	16064
BNE  	16068
ANDI 	16048
BEQ  	16052
SRLI 	16060
SLLI 	16064
BNE  	16068
ANDI 	16048
BEQ  	16052
SRLI 	16060
SLLI 	16064
BNE  	16068
ANDI 	16048
BEQ  	16052
SRLI 	16060
SLLI 	16064
BNE  	16068
ANDI 	16048
BEQ  	16052
SRLI 	16060
SLLI 	16064
BNE  	16068
ANDI 	16048
BEQ  	16052
SRLI 	16060
SLLI 	16064
BNE  	16068
ANDI 	16048
BEQ  	16052
SRLI 	16060
SLLI 	16064
BNE  	16068
ANDI 	16048
BEQ  	16052
SRLI 	16060
SLLI 	16064
BNE  	16068
ANDI 	16048
BEQ  	16052
ADD  	16056
SRLI 	16060
SLLI 	16064
BNE  	16068
ANDI 	16048
BEQ  	16052
ADD  	16056
SRLI 	16060
SLLI 	16064
BNE  	16068
JALR 	16072
ADDI 	13816
ADDI 	13820
ADDI 	13824
JAL  	13828
ADDI 	16040
ADDI 	16044
ANDI 	16048
BEQ  	16052
SRLI 	16060
SLLI 	16064
BNE  	16068
ANDI 	16048
BEQ  	16052
SRLI 	16060
SLLI 	16064
BNE  	16068
ANDI 	16048
BEQ  	16052
SRLI 	16060
SLLI 	16064
BNE  	16068
ANDI 	16048
BEQ  	16052
SRLI 	16060
SLLI 	16064
BNE  	16068
ANDI 	16048
BEQ  	16052
SRLI 	16060
SLLI 	16064
BNE  	16068
ANDI 	16048
BEQ  	16052
SRLI 	16060
SLLI 	16064
BNE  	16068
ANDI 	16048
BEQ  	16052
SRLI 	16060
SLLI 	16064
BNE  	16068
ANDI 	16048
BEQ  	16052
SRLI 	16060
SLLI 	16064
BNE  	16068
ANDI 	16048
BEQ  	16052
SRLI 	16060
SLLI 	16064
BNE  	16068
ANDI 	16048
BEQ  	16052
ADD  	16056
SRLI 	16060
SLLI 	16064
BNE  	16068
ANDI 	16048
BEQ  	16052
ADD  	16056
SRLI 	16060
SLLI 	16064
BNE  	16068
JALR 	16072
SRLI 	13832
ADD  	13836
ADD  	13840
BGEU 	13844
AND  	13852
SLLI 	13856
AND  	13860
ADD  	13864
SLLI 	13868
SRLI 	13872
SLTU 	13876
SRLI 	13880
ADD  	13884
SLLI 	13888
OR   	13892
OR   	13896
SLLI 	13900
BGE  	13904
SRLI 	13908
ANDI 	13912
OR   	13916
ADDI 	13920
BGE  	13924
ANDI 	13928
BEQ  	13932
ANDI 	13936
ADDI 	13940
BEQ  	13944
ADDI 	13948
SLLI 	13952
BGE  	13956
ADDI 	13976
SRLI 	13980
BGE  	13984
SLLI 	14160
ANDI 	14164
SLLI 	14168
SRLI 	14172
OR   	14176
SLLI 	14180
OR   	14184
LW   	14188
LW   	14192
LW   	14196
LW   	14200
LW   	14204
LW   	14208
LW   	14212
ADDI 	14216
JALR 	14220
ADDI 	4256
ADDI 	4260
JAL  	4264
LUI  	10988
ADDI 	10992
ADDI 	10996
AND  	11000
SW   	11004
SW   	11008
SRLI 	11012
SRLI 	11016
SRLI 	11020
AND  	11024
ANDI 	11028
ANDI 	11032
SW   	11036
SW   	11040
SRLI 	11044
SLLI 	11048
SLLI 	11052
SUB  	11056
BNE  	11060
BGE  	11064
BEQ  	11216
ADDI 	11324
ANDI 	11328
BNE  	11332
ADDI 	11428
BEQ  	11432
ADD  	11436
SRLI 	11440
ADDI 	11444
JAL  	11448
ANDI 	11376
BEQ  	11380
SLLI 	11940
BGE  	11944
ADDI 	11972
SRLI 	11976
BNE  	11980
ANDI 	11996
LW   	12000
LW   	12004
SLLI 	12008
SLLI 	12012
SRLI 	12016
SLLI 	12020
OR   	12024
OR   	12028
LW   	12032
LW   	12036
ADDI 	12040
JALR 	12044
LUI  	4268
LW   	4272
JAL  	4276
LUI  	14224
ADDI 	14228
ADDI 	14232
SRLI 	14236
SRLI 	14240
AND  	14244
SW   	14248
AND  	14252
SW   	14256
ANDI 	14260
ANDI 	14264
SW   	14268
SW   	14272
ADDI 	14276
SRLI 	14280
ADDI 	14284
SLLI 	14288
ADDI 	14292
SRLI 	14296
SLLI 	14300
BNE  	14304
XORI 	14312
SUB  	14316
BNE  	14320
BGE  	14700
BNE  	14704
127
